<?xml version="1.0" encoding="UTF-8"?>
<!-- Generated by org.testng.reporters.JUnitReportReporter -->
<testsuite hostname="DESKTOP-QH08G25" name="test.TESTSampleFramework" tests="1" failures="0" timestamp="9 Jul 2019 11:02:37 GMT" time="24.984" errors="0">
  <testcase name="a" time="24.984" classname="test.TESTSampleFramework"/>
</testsuite> <!-- test.TESTSampleFramework -->
